activecomp {
  name: "ListView_list"
  width: 1920
  height: 820
  defaultcameradistance: 2666.6667
  layer {
    name: "list-item"
    id: 31
    sourceid: 516798
    transform {
      anchorPoint {
        x: 196.5
        y: 294.5
        z: 0
      }
      scale {
        x: 1
        y: 1
        z: 1
      }
      position {
        x: 286.5
        y: 329.5
        z: 0
      }
      orientation {
        x: 0
        y: 0
        z: 0
      }
      rotationX: 0
      rotationY: 0
      rotationZ: 0
      opacity: 1
    }
    acceptsshadows: true
    acceptslights: true
    castsshadows: false
    properties {
      key: "placeholder"
      value: "true"
    }
    properties {
      key: "maintain-aspect-ratio"
      value: "true"
    }
  }
  layer {
    name: "ErrorPlaceholder"
    id: 32
    sourceid: -1
    transform {
      anchorPoint {
        x: 306
        y: 108
        z: 0
      }
      scale {
        x: 1
        y: 1
        z: 1
      }
      position {
        x: 1140.1359
        y: 212.15518
        z: 0
      }
      orientation {
        x: 0
        y: 0
        z: 0
      }
      rotationX: 0
      rotationY: 0
      rotationZ: 0
      opacity: 1
    }
    acceptsshadows: true
    acceptslights: true
    castsshadows: false
    textinfo {
      justification: AE_TEXT_LEFT
      fontSize: 30
      fontColor {
        alpha: 1
        red: 0.16470998525619507
        green: 0.16470998525619507
        blue: 0.16470998525619507
      }
      fontName: "Gotham-Book"
      isPointText: false
      boundsWidth: 612
      boundsHeight: 216
      isLabel: true
      text: ""
      multiline: true
      isAllCaps: false
    }
    properties {
      key: "layoutable"
      value: "false"
    }
    properties {
      key: "text-placeholder"
      value: "true"
    }
  }
  classname: "CYIListView"
  bgcolor {
    alpha: 1
    red: 0
    green: 0
    blue: 0
  }
  properties {
    key: "componentSubtype"
    value: "streaming"
  }
  properties {
    key: "componentType"
    value: "list"
  }
  properties {
    key: "layout"
    value: "CYIGridLayout"
  }
  properties {
    key: "gravity"
    value: "top"
  }
  properties {
    key: "horizontal-scroll"
    value: "false"
  }
  properties {
    key: "vertical-scroll"
    value: "true"
  }
  properties {
    key: "vertical-overpull"
    value: "40"
  }
  properties {
    key: "spacing"
    value: "55"
  }
  properties {
    key: "columns"
    value: "4"
  }
  properties {
    key: "vertical-magnet-offset"
    value: "-28"
  }
  properties {
    key: "clip"
    value: "true"
  }
  properties {
    key: "padding-bottom"
    value: "90"
  }
  properties {
    key: "padding-top"
    value: "50"
  }
  properties {
    key: "insert-after-layer-id"
    value: "-1"
  }
  childtemplates: "ListView_list-item"
}
sources {
  uid: 516798
  srctype: AE_COMP_SRC
  name: "ListView_list-item.layout"
  width: 393
  height: 589
  copy_source: true
}
sources {
  uid: 2
  srctype: AE_FONT_SRC
  name: "Gotham-Book"
  copy_source: true
  file_name: "yi_Gotham-Book.otf"
}
