tracks {
  binding: IS_VISIBLE
  targetid: 516798
  targetname: "list-item-shadow.png"
  keytimes {
    datatype: AE_INT_DATA
    timeOffset: 0
    inttype: AE_INTERP_HOLD
    ivalue1: 1
  }
}
tracks {
  binding: OPACITY
  targetid: 516798
  targetname: "list-item-shadow.png"
  keytimes {
    datatype: AE_FLOAT_DATA
    timeOffset: 0
    inttype: AE_INTERP_LINEAR
    fvalue1: 1
  }
  keytimes {
    datatype: AE_FLOAT_DATA
    timeOffset: 0.38333333
    inttype: AE_INTERP_LINEAR
    fvalue1: 1
  }
  keytimes {
    datatype: AE_FLOAT_DATA
    timeOffset: 0.39999333
    inttype: AE_INTERP_LINEAR
    fvalue1: 0.628709
    isCookedKeytime: true
  }
  keytimes {
    datatype: AE_FLOAT_DATA
    timeOffset: 0.41665334
    inttype: AE_INTERP_LINEAR
    fvalue1: 0.35657871
    isCookedKeytime: true
  }
  keytimes {
    datatype: AE_FLOAT_DATA
    timeOffset: 0.43331334
    inttype: AE_INTERP_LINEAR
    fvalue1: 0.20926075
    isCookedKeytime: true
  }
  keytimes {
    datatype: AE_FLOAT_DATA
    timeOffset: 0.44997334
    inttype: AE_INTERP_LINEAR
    fvalue1: 0.11794026
    isCookedKeytime: true
  }
  keytimes {
    datatype: AE_FLOAT_DATA
    timeOffset: 0.46663335
    inttype: AE_INTERP_LINEAR
    fvalue1: 0.059879988
    isCookedKeytime: true
  }
  keytimes {
    datatype: AE_FLOAT_DATA
    timeOffset: 0.48329335
    inttype: AE_INTERP_LINEAR
    fvalue1: 0.024463179
    isCookedKeytime: true
  }
  keytimes {
    datatype: AE_FLOAT_DATA
    timeOffset: 0.49995336
    inttype: AE_INTERP_LINEAR
    fvalue1: 0.0057439585
    isCookedKeytime: true
  }
  keytimes {
    datatype: AE_FLOAT_DATA
    timeOffset: 0.51661336
    inttype: AE_INTERP_LINEAR
    fvalue1: 1.2728404e-06
    isCookedKeytime: true
  }
  keytimes {
    datatype: AE_FLOAT_DATA
    timeOffset: 0.51666665
    inttype: AE_INTERP_LINEAR
    fvalue1: 0
  }
  trackName: "Opacity"
}
tracks {
  binding: IS_VISIBLE
  targetid: 516799
  targetname: "list-item-bg"
  keytimes {
    datatype: AE_INT_DATA
    timeOffset: 0
    inttype: AE_INTERP_HOLD
    ivalue1: 1
  }
}
tracks {
  binding: IS_VISIBLE
  targetid: 516800
  targetname: "list-item-press-rect"
  keytimes {
    datatype: AE_INT_DATA
    timeOffset: 0
    inttype: AE_INTERP_HOLD
    ivalue1: 1
  }
}
tracks {
  binding: OPACITY
  targetid: 516800
  targetname: "list-item-press-rect"
  keytimes {
    datatype: AE_FLOAT_DATA
    timeOffset: 0
    inttype: AE_INTERP_LINEAR
    fvalue1: 0
  }
  keytimes {
    datatype: AE_FLOAT_DATA
    timeOffset: 0.38333333
    inttype: AE_INTERP_LINEAR
    fvalue1: 0
  }
  keytimes {
    datatype: AE_FLOAT_DATA
    timeOffset: 0.39999333
    inttype: AE_INTERP_LINEAR
    fvalue1: 0.35868159
    isCookedKeytime: true
  }
  keytimes {
    datatype: AE_FLOAT_DATA
    timeOffset: 0.41665334
    inttype: AE_INTERP_LINEAR
    fvalue1: 0.50565845
    isCookedKeytime: true
  }
  keytimes {
    datatype: AE_FLOAT_DATA
    timeOffset: 0.43331334
    inttype: AE_INTERP_LINEAR
    fvalue1: 0.58387935
    isCookedKeytime: true
  }
  keytimes {
    datatype: AE_FLOAT_DATA
    timeOffset: 0.44997334
    inttype: AE_INTERP_LINEAR
    fvalue1: 0.62660247
    isCookedKeytime: true
  }
  keytimes {
    datatype: AE_FLOAT_DATA
    timeOffset: 0.46663335
    inttype: AE_INTERP_LINEAR
    fvalue1: 0.64649719
    isCookedKeytime: true
  }
  keytimes {
    datatype: AE_FLOAT_DATA
    timeOffset: 0.48333332
    inttype: AE_INTERP_LINEAR
    fvalue1: 0.65
  }
  trackName: "Opacity"
}
tracks {
  binding: IS_VISIBLE
  targetid: 516801
  targetname: "list-item-press-circle.png"
  keytimes {
    datatype: AE_INT_DATA
    timeOffset: 0
    inttype: AE_INTERP_HOLD
    ivalue1: 1
  }
}
tracks {
  binding: OPACITY
  targetid: 516801
  targetname: "list-item-press-circle.png"
  keytimes {
    datatype: AE_FLOAT_DATA
    timeOffset: 0
    inttype: AE_INTERP_LINEAR
    fvalue1: 0
  }
  keytimes {
    datatype: AE_FLOAT_DATA
    timeOffset: 0.43333334
    inttype: AE_INTERP_LINEAR
    fvalue1: 0
  }
  keytimes {
    datatype: AE_FLOAT_DATA
    timeOffset: 0.44999334
    inttype: AE_INTERP_LINEAR
    fvalue1: 0.53145009
    isCookedKeytime: true
  }
  keytimes {
    datatype: AE_FLOAT_DATA
    timeOffset: 0.46665335
    inttype: AE_INTERP_LINEAR
    fvalue1: 0.77226478
    isCookedKeytime: true
  }
  keytimes {
    datatype: AE_FLOAT_DATA
    timeOffset: 0.48331335
    inttype: AE_INTERP_LINEAR
    fvalue1: 0.88412017
    isCookedKeytime: true
  }
  keytimes {
    datatype: AE_FLOAT_DATA
    timeOffset: 0.49997336
    inttype: AE_INTERP_LINEAR
    fvalue1: 0.9355526
    isCookedKeytime: true
  }
  keytimes {
    datatype: AE_FLOAT_DATA
    timeOffset: 0.51666665
    inttype: AE_INTERP_LINEAR
    fvalue1: 0.95
  }
  trackName: "Opacity"
}
tracks {
  binding: SCALE
  targetid: 516801
  targetname: "list-item-press-circle.png"
  keytimes {
    datatype: AE_FLOAT_VECTOR_DATA
    timeOffset: 0
    inttype: AE_INTERP_LINEAR
    fvalue1: 1.015
    fvalue2: 1.015
    fvalue3: 1
  }
  keytimes {
    datatype: AE_FLOAT_VECTOR_DATA
    timeOffset: 0.45
    inttype: AE_INTERP_LINEAR
    fvalue1: 1.015
    fvalue2: 1.015
    fvalue3: 1
  }
  keytimes {
    datatype: AE_FLOAT_VECTOR_DATA
    timeOffset: 0.46666
    inttype: AE_INTERP_LINEAR
    fvalue1: 1.0054
    fvalue2: 1.0054
    fvalue3: 1
    isCookedKeytime: true
  }
  keytimes {
    datatype: AE_FLOAT_VECTOR_DATA
    timeOffset: 0.48332
    inttype: AE_INTERP_LINEAR
    fvalue1: 1.0018909
    fvalue2: 1.0018909
    fvalue3: 1
    isCookedKeytime: true
  }
  keytimes {
    datatype: AE_FLOAT_VECTOR_DATA
    timeOffset: 0.49998
    inttype: AE_INTERP_LINEAR
    fvalue1: 1.0004032
    fvalue2: 1.0004032
    fvalue3: 1
    isCookedKeytime: true
  }
  keytimes {
    datatype: AE_FLOAT_VECTOR_DATA
    timeOffset: 0.51664
    inttype: AE_INTERP_LINEAR
    fvalue1: 1
    fvalue2: 1
    fvalue3: 1
    isCookedKeytime: true
  }
  keytimes {
    datatype: AE_FLOAT_VECTOR_DATA
    timeOffset: 0.51666665
    inttype: AE_INTERP_LINEAR
    fvalue1: 1
    fvalue2: 1
    fvalue3: 1
  }
  trackName: "Scale"
}
tracks {
  binding: IS_VISIBLE
  targetid: 516802
  targetname: "logo-light.png"
  keytimes {
    datatype: AE_INT_DATA
    timeOffset: 0
    inttype: AE_INTERP_HOLD
    ivalue1: 1
  }
}
tracks {
  binding: IS_VISIBLE
  targetid: 516803
  targetname: "focus"
  keytimes {
    datatype: AE_INT_DATA
    timeOffset: 0
    inttype: AE_INTERP_HOLD
    ivalue1: 1
  }
}
tracks {
  binding: OPACITY
  targetid: 516803
  targetname: "focus"
  keytimes {
    datatype: AE_FLOAT_DATA
    timeOffset: 0.033333335
    inttype: AE_INTERP_LINEAR
    fvalue1: 0
  }
  keytimes {
    datatype: AE_FLOAT_DATA
    timeOffset: 0.16666667
    inttype: AE_INTERP_LINEAR
    fvalue1: 1
  }
  keytimes {
    datatype: AE_FLOAT_DATA
    timeOffset: 0.18333334
    inttype: AE_INTERP_LINEAR
    fvalue1: 1
  }
  keytimes {
    datatype: AE_FLOAT_DATA
    timeOffset: 0.36666667
    inttype: AE_INTERP_LINEAR
    fvalue1: 0
  }
  trackName: "Opacity"
}
markers {
  starttime: 0.033333335
  duration: 0.13333334
  name: "FocusIn"
  tracksSelection {
    targetid: 516803
    binding: OPACITY
  }
  alltracks: false
  id: 21
  looping: false
}
markers {
  starttime: 0.18333334
  duration: 0.18333334
  name: "FocusOut"
  tracksSelection {
    targetid: 516803
    binding: OPACITY
  }
  alltracks: false
  id: 22
  looping: false
}
markers {
  starttime: 0.38333333
  duration: 0.13333334
  name: "Press"
  tracksSelection {
    targetid: 516798
    binding: OPACITY
  }
  tracksSelection {
    targetid: 516800
    binding: OPACITY
  }
  tracksSelection {
    targetid: 516801
    binding: OPACITY
  }
  tracksSelection {
    targetid: 516801
    binding: SCALE
  }
  alltracks: false
  id: 18
  looping: false
}
