tracks {
  binding: IS_VISIBLE
  targetid: 517582
  targetname: "main-bg"
  keytimes {
    datatype: AE_INT_DATA
    timeOffset: 0
    inttype: AE_INTERP_HOLD
    ivalue1: 1
  }
}
tracks {
  binding: IS_VISIBLE
  targetid: 517583
  targetname: "list"
  keytimes {
    datatype: AE_INT_DATA
    timeOffset: 0
    inttype: AE_INTERP_HOLD
    ivalue1: 1
  }
}
tracks {
  binding: IS_VISIBLE
  targetid: 517584
  targetname: "gradient"
  keytimes {
    datatype: AE_INT_DATA
    timeOffset: 0
    inttype: AE_INTERP_HOLD
    ivalue1: 1
  }
}
tracks {
  binding: IS_VISIBLE
  targetid: 517585
  targetname: "text-edit"
  keytimes {
    datatype: AE_INT_DATA
    timeOffset: 0
    inttype: AE_INTERP_HOLD
    ivalue1: 1
  }
}
tracks {
  binding: IS_VISIBLE
  targetid: 517586
  targetname: "NoScaleCenterAnchor"
  keytimes {
    datatype: AE_INT_DATA
    timeOffset: 0
    inttype: AE_INTERP_HOLD
    ivalue1: 1
  }
}
