tracks {
  binding: IS_VISIBLE
  targetid: 517129
  targetname: "search-btn.png"
  keytimes {
    datatype: AE_INT_DATA
    timeOffset: 0
    inttype: AE_INTERP_HOLD
    ivalue1: 1
  }
}
tracks {
  binding: OPACITY
  targetid: 517129
  targetname: "search-btn.png"
  keytimes {
    datatype: AE_FLOAT_DATA
    timeOffset: 0
    inttype: AE_INTERP_LINEAR
    fvalue1: 1
  }
  keytimes {
    datatype: AE_FLOAT_DATA
    timeOffset: 2.0333333
    inttype: AE_INTERP_LINEAR
    fvalue1: 1
  }
  keytimes {
    datatype: AE_FLOAT_DATA
    timeOffset: 2.0499933
    inttype: AE_INTERP_LINEAR
    fvalue1: 0.95719129
    isCookedKeytime: true
  }
  keytimes {
    datatype: AE_FLOAT_DATA
    timeOffset: 2.0666533
    inttype: AE_INTERP_LINEAR
    fvalue1: 0.84429896
    isCookedKeytime: true
  }
  keytimes {
    datatype: AE_FLOAT_DATA
    timeOffset: 2.0833132
    inttype: AE_INTERP_LINEAR
    fvalue1: 0.68462336
    isCookedKeytime: true
  }
  keytimes {
    datatype: AE_FLOAT_DATA
    timeOffset: 2.0999732
    inttype: AE_INTERP_LINEAR
    fvalue1: 0.50146484
    isCookedKeytime: true
  }
  keytimes {
    datatype: AE_FLOAT_DATA
    timeOffset: 2.1166332
    inttype: AE_INTERP_LINEAR
    fvalue1: 0.31812397
    isCookedKeytime: true
  }
  keytimes {
    datatype: AE_FLOAT_DATA
    timeOffset: 2.1332932
    inttype: AE_INTERP_LINEAR
    fvalue1: 0.15790117
    isCookedKeytime: true
  }
  keytimes {
    datatype: AE_FLOAT_DATA
    timeOffset: 2.1499531
    inttype: AE_INTERP_LINEAR
    fvalue1: 0.044096831
    isCookedKeytime: true
  }
  keytimes {
    datatype: AE_FLOAT_DATA
    timeOffset: 2.1666131
    inttype: AE_INTERP_LINEAR
    fvalue1: 1.1429191e-05
    isCookedKeytime: true
  }
  keytimes {
    datatype: AE_FLOAT_DATA
    timeOffset: 2.1666667
    inttype: AE_INTERP_LINEAR
    fvalue1: 0
  }
  keytimes {
    datatype: AE_FLOAT_DATA
    timeOffset: 2.1833334
    inttype: AE_INTERP_LINEAR
    fvalue1: 0
  }
  keytimes {
    datatype: AE_FLOAT_DATA
    timeOffset: 2.35
    inttype: AE_INTERP_LINEAR
    fvalue1: 1
  }
  trackName: "Opacity"
}
tracks {
  binding: SCALE
  targetid: 517129
  targetname: "search-btn.png"
  keytimes {
    datatype: AE_FLOAT_VECTOR_DATA
    timeOffset: 0
    inttype: AE_INTERP_LINEAR
    fvalue1: 1
    fvalue2: 1
    fvalue3: 1
  }
  keytimes {
    datatype: AE_FLOAT_VECTOR_DATA
    timeOffset: 2.1666667
    inttype: AE_INTERP_LINEAR
    fvalue1: 1
    fvalue2: 1
    fvalue3: 1
  }
  keytimes {
    datatype: AE_FLOAT_VECTOR_DATA
    timeOffset: 2.1833334
    inttype: AE_INTERP_LINEAR
    fvalue1: 0.9
    fvalue2: 0.9
    fvalue3: 1
  }
  keytimes {
    datatype: AE_FLOAT_VECTOR_DATA
    timeOffset: 2.2666667
    inttype: AE_INTERP_LINEAR
    fvalue1: 1
    fvalue2: 1
    fvalue3: 1
  }
  trackName: "Scale"
}
tracks {
  binding: IS_VISIBLE
  targetid: 517130
  targetname: "search-btn-active.png"
  keytimes {
    datatype: AE_INT_DATA
    timeOffset: 0
    inttype: AE_INTERP_HOLD
    ivalue1: 1
  }
}
tracks {
  binding: OPACITY
  targetid: 517130
  targetname: "search-btn-active.png"
  keytimes {
    datatype: AE_FLOAT_DATA
    timeOffset: 0
    inttype: AE_INTERP_LINEAR
    fvalue1: 0
  }
  keytimes {
    datatype: AE_FLOAT_DATA
    timeOffset: 2.0333333
    inttype: AE_INTERP_LINEAR
    fvalue1: 0
  }
  keytimes {
    datatype: AE_FLOAT_DATA
    timeOffset: 2.0499933
    inttype: AE_INTERP_LINEAR
    fvalue1: 0.042808667
    isCookedKeytime: true
  }
  keytimes {
    datatype: AE_FLOAT_DATA
    timeOffset: 2.0666533
    inttype: AE_INTERP_LINEAR
    fvalue1: 0.15570104
    isCookedKeytime: true
  }
  keytimes {
    datatype: AE_FLOAT_DATA
    timeOffset: 2.0833132
    inttype: AE_INTERP_LINEAR
    fvalue1: 0.31537667
    isCookedKeytime: true
  }
  keytimes {
    datatype: AE_FLOAT_DATA
    timeOffset: 2.0999732
    inttype: AE_INTERP_LINEAR
    fvalue1: 0.49853516
    isCookedKeytime: true
  }
  keytimes {
    datatype: AE_FLOAT_DATA
    timeOffset: 2.1166332
    inttype: AE_INTERP_LINEAR
    fvalue1: 0.681876
    isCookedKeytime: true
  }
  keytimes {
    datatype: AE_FLOAT_DATA
    timeOffset: 2.1332932
    inttype: AE_INTERP_LINEAR
    fvalue1: 0.84209883
    isCookedKeytime: true
  }
  keytimes {
    datatype: AE_FLOAT_DATA
    timeOffset: 2.1499531
    inttype: AE_INTERP_LINEAR
    fvalue1: 0.95590317
    isCookedKeytime: true
  }
  keytimes {
    datatype: AE_FLOAT_DATA
    timeOffset: 2.1666131
    inttype: AE_INTERP_LINEAR
    fvalue1: 0.99998856
    isCookedKeytime: true
  }
  keytimes {
    datatype: AE_FLOAT_DATA
    timeOffset: 2.1666667
    inttype: AE_INTERP_LINEAR
    fvalue1: 1
  }
  keytimes {
    datatype: AE_FLOAT_DATA
    timeOffset: 2.1833334
    inttype: AE_INTERP_LINEAR
    fvalue1: 1
  }
  keytimes {
    datatype: AE_FLOAT_DATA
    timeOffset: 2.35
    inttype: AE_INTERP_LINEAR
    fvalue1: 0
  }
  trackName: "Opacity"
}
tracks {
  binding: SCALE
  targetid: 517130
  targetname: "search-btn-active.png"
  keytimes {
    datatype: AE_FLOAT_VECTOR_DATA
    timeOffset: 0
    inttype: AE_INTERP_LINEAR
    fvalue1: 1
    fvalue2: 1
    fvalue3: 1
  }
  keytimes {
    datatype: AE_FLOAT_VECTOR_DATA
    timeOffset: 2.1666667
    inttype: AE_INTERP_LINEAR
    fvalue1: 1
    fvalue2: 1
    fvalue3: 1
  }
  keytimes {
    datatype: AE_FLOAT_VECTOR_DATA
    timeOffset: 2.1833334
    inttype: AE_INTERP_LINEAR
    fvalue1: 0.9
    fvalue2: 0.9
    fvalue3: 1
  }
  keytimes {
    datatype: AE_FLOAT_VECTOR_DATA
    timeOffset: 2.2666667
    inttype: AE_INTERP_LINEAR
    fvalue1: 1
    fvalue2: 1
    fvalue3: 1
  }
  trackName: "Scale"
}
markers {
  starttime: 2.0333333
  duration: 0.13333334
  name: "Press"
  tracksSelection {
    targetid: 517129
    binding: OPACITY
  }
  tracksSelection {
    targetid: 517129
    binding: SCALE
  }
  tracksSelection {
    targetid: 517130
    binding: OPACITY
  }
  tracksSelection {
    targetid: 517130
    binding: SCALE
  }
  alltracks: false
  id: 18
  looping: false
}
markers {
  starttime: 2.1833334
  duration: 0.16666667
  name: "Release"
  tracksSelection {
    targetid: 517129
    binding: OPACITY
  }
  tracksSelection {
    targetid: 517129
    binding: SCALE
  }
  tracksSelection {
    targetid: 517130
    binding: OPACITY
  }
  tracksSelection {
    targetid: 517130
    binding: SCALE
  }
  alltracks: false
  id: 19
  looping: false
}
