activecomp {
  name: "ListView_Main"
  width: 750
  height: 1334
  defaultcameradistance: 1041.6666
  layer {
    name: "Content"
    id: 258376
    sourceid: 517247
    transform {
      anchorPoint {
        x: 375
        y: 667
        z: 0
      }
      scale {
        x: 1
        y: 1
        z: 1
      }
      position {
        x: 375
        y: 667
        z: 0
      }
      orientation {
        x: 0
        y: 0
        z: 0
      }
      rotationX: 0
      rotationY: 0
      rotationZ: 0
      opacity: 1
    }
    acceptsshadows: true
    acceptslights: true
    castsshadows: false
    parentid: 258377
  }
  layer {
    name: "SizingAnchor"
    id: 258377
    sourceid: 517143
    transform {
      anchorPoint {
        x: 0
        y: 0
        z: 0
      }
      scale {
        x: 1
        y: 1
        z: 1
      }
      position {
        x: 0
        y: 0
        z: 0
      }
      orientation {
        x: 0
        y: 0
        z: 0
      }
      rotationX: 0
      rotationY: 0
      rotationZ: 0
      opacity: 1
    }
    acceptsshadows: true
    acceptslights: true
    castsshadows: false
    properties {
      key: "layoutable"
      value: "false"
    }
  }
  bgcolor {
    alpha: 1
    red: 0
    green: 0
    blue: 0
  }
  properties {
    key: "gravity"
    value: "top"
  }
  properties {
    key: "spacing"
    value: "0"
  }
  properties {
    key: "scale-mode"
    value: "fit"
  }
  properties {
    key: "layout"
    value: "CYIColumnLayout"
  }
  childtemplates: "ListView_Content"
}
sources {
  uid: 517247
  srctype: AE_COMP_SRC
  name: "ListView_Content.layout"
  width: 750
  height: 1334
  copy_source: true
}
sources {
  uid: 517143
  srctype: AE_NULL_SRC
  width: 100
  height: 100
  copy_source: false
}
