activecomp {
  name: "ListView_list-item"
  width: 630
  height: 946
  defaultcameradistance: 875
  layer {
    name: "list-item-shadow-handset.png"
    id: 516842
    sourceid: 516932
    transform {
      anchorPoint {
        x: 374.5
        y: 532.5
        z: 0
      }
      scale {
        x: 1
        y: 1
        z: 1
      }
      position {
        x: 344
        y: 524.5
        z: 0
      }
      orientation {
        x: 0
        y: 0
        z: 0
      }
      rotationX: 0
      rotationY: 0
      rotationZ: 0
      opacity: 1
    }
    acceptsshadows: true
    acceptslights: true
    castsshadows: false
    properties {
      key: "layoutable"
      value: "false"
    }
  }
  layer {
    name: "list-item-bg"
    id: 516843
    sourceid: 516913
    transform {
      anchorPoint {
        x: 315
        y: 474
        z: 0
      }
      scale {
        x: 1
        y: 1
        z: 1
      }
      position {
        x: 315
        y: 473
        z: 0
      }
      orientation {
        x: 0
        y: 0
        z: 0
      }
      rotationX: 0
      rotationY: 0
      rotationZ: 0
      opacity: 1
    }
    acceptsshadows: true
    acceptslights: true
    castsshadows: false
    properties {
      key: "background"
      value: "true"
    }
  }
  layer {
    name: "list-item-press-rect"
    id: 516844
    sourceid: 516941
    transform {
      anchorPoint {
        x: 315
        y: 473
        z: 0
      }
      scale {
        x: 1
        y: 1
        z: 1
      }
      position {
        x: 315
        y: 473
        z: 0
      }
      orientation {
        x: 0
        y: 0
        z: 0
      }
      rotationX: 0
      rotationY: 0
      rotationZ: 0
      opacity: 0
    }
    acceptsshadows: true
    acceptslights: true
    castsshadows: false
  }
  layer {
    name: "list-item-press-circle-handset.png"
    id: 516845
    sourceid: 516935
    transform {
      anchorPoint {
        x: 315
        y: 473
        z: 0
      }
      scale {
        x: 1.015
        y: 1.015
        z: 1
      }
      position {
        x: 315
        y: 473
        z: 0
      }
      orientation {
        x: 0
        y: 0
        z: 0
      }
      rotationX: 0
      rotationY: 0
      rotationZ: 0
      opacity: 0
    }
    acceptsshadows: true
    acceptslights: true
    castsshadows: false
  }
  layer {
    name: "logo-light.png"
    id: 516846
    sourceid: 516868
    transform {
      anchorPoint {
        x: 142
        y: 132.5
        z: 0
      }
      scale {
        x: 1
        y: 1
        z: 1
      }
      position {
        x: 315
        y: 473
        z: 0
      }
      orientation {
        x: 0
        y: 0
        z: 0
      }
      rotationX: 0
      rotationY: 0
      rotationZ: 0
      opacity: 1
    }
    acceptsshadows: true
    acceptslights: true
    castsshadows: false
  }
  classname: "ListItemButtonView"
  bgcolor {
    alpha: 1
    red: 0
    green: 0
    blue: 0
  }
  properties {
    key: "clip"
    value: "false"
  }
  properties {
    key: "layout"
    value: "CYIStackLayout"
  }
  properties {
    key: "gravity"
    value: "center"
  }
  properties {
    key: "componentSubtype"
    value: "push"
  }
  properties {
    key: "componentType"
    value: "button"
  }
  properties {
    key: "scale-mode"
    value: "none"
  }
  properties {
    key: "usesCustomClass"
    value: "true"
  }
  childtemplates: "ListView_list-item-bg"
  childtemplates: "ListView_list-item-press-rect"
}
sources {
  uid: 516932
  srctype: AE_IMAGE_SRC
  name: "list-item-shadow-handset.png"
  width: 749
  height: 1065
  numberOfFrames: 1
  fps: 0
  loops: 1
  copy_source: true
}
sources {
  uid: 516913
  srctype: AE_COMP_SRC
  name: "ListView_list-item-bg.layout"
  width: 630
  height: 948
  copy_source: true
}
sources {
  uid: 516941
  srctype: AE_COMP_SRC
  name: "ListView_list-item-press-rect.layout"
  width: 630
  height: 946
  copy_source: true
}
sources {
  uid: 516935
  srctype: AE_IMAGE_SRC
  name: "list-item-press-circle-handset.png"
  width: 630
  height: 946
  numberOfFrames: 1
  fps: 0
  loops: 1
  copy_source: true
}
sources {
  uid: 516868
  srctype: AE_IMAGE_SRC
  name: "logo-light.png"
  width: 284
  height: 265
  numberOfFrames: 1
  fps: 0
  loops: 1
  copy_source: true
}
