activecomp {
  name: "ListView_Content"
  width: 750
  height: 1334
  defaultcameradistance: 1041.6666
  layer {
    name: "handset-main-bg"
    id: 517247
    sourceid: 258398
    transform {
      anchorPoint {
        x: 375
        y: 667
        z: 0
      }
      scale {
        x: 1
        y: 1
        z: 1
      }
      position {
        x: 375
        y: 667
        z: 0
      }
      orientation {
        x: 0
        y: 0
        z: 0
      }
      rotationX: 0
      rotationY: 0
      rotationZ: 0
      opacity: 1
    }
    acceptsshadows: true
    acceptslights: true
    castsshadows: false
    properties {
      key: "background"
      value: "true"
    }
  }
  layer {
    name: "list"
    id: 517248
    sourceid: 258459
    transform {
      anchorPoint {
        x: 415
        y: 577
        z: 0
      }
      scale {
        x: 1
        y: 1
        z: 1
      }
      position {
        x: 375
        y: 757
        z: 0
      }
      orientation {
        x: 0
        y: 0
        z: 0
      }
      rotationX: 0
      rotationY: 0
      rotationZ: 0
      opacity: 1
    }
    acceptsshadows: true
    acceptslights: true
    castsshadows: false
    properties {
      key: "height"
      value: "fill-parent"
    }
  }
  layer {
    name: "gradient"
    id: 517249
    sourceid: 516961
    transform {
      anchorPoint {
        x: 1920
        y: 125
        z: 0
      }
      scale {
        x: 1
        y: 1
        z: 1
      }
      position {
        x: 375
        y: 125
        z: 0
      }
      orientation {
        x: 0
        y: 0
        z: 0
      }
      rotationX: 0
      rotationY: 0
      rotationZ: 0
      opacity: 1
    }
    acceptsshadows: true
    acceptslights: true
    castsshadows: false
    properties {
      key: "layoutable"
      value: "false"
    }
    properties {
      key: "interactive"
      value: "off"
    }
  }
  layer {
    name: "text-edit"
    id: 517250
    sourceid: 258427
    transform {
      anchorPoint {
        x: 315
        y: 35
        z: 0
      }
      scale {
        x: 1
        y: 1
        z: 1
      }
      position {
        x: 375
        y: 34.5
        z: 0
      }
      orientation {
        x: 0
        y: 0
        z: 0
      }
      rotationX: 0
      rotationY: 0
      rotationZ: 0
      opacity: 1
    }
    acceptsshadows: true
    acceptslights: true
    castsshadows: false
    properties {
      key: "item-gravity"
      value: "top"
    }
    properties {
      key: "margin-top"
      value: "90"
    }
    properties {
      key: "margin-bottom"
      value: "20"
    }
  }
  bgcolor {
    alpha: 1
    red: 0
    green: 0
    blue: 0
  }
  properties {
    key: "layout"
    value: "CYIColumnLayout"
  }
  properties {
    key: "gravity"
    value: "top"
  }
  properties {
    key: "spacing"
    value: "0"
  }
  properties {
    key: "scale-mode"
    value: "fit"
  }
  childtemplates: "ListView_list"
  childtemplates: "ListView_gradient"
  childtemplates: "ListView_text-edit"
}
sources {
  uid: 258398
  srctype: AE_SOLID_SRC
  color {
    alpha: 1
    red: 0.87843137979507446
    green: 0.87843137979507446
    blue: 0.87843137979507446
  }
  width: 750
  height: 1334
  copy_source: false
}
sources {
  uid: 258459
  srctype: AE_COMP_SRC
  name: "ListView_list.layout"
  width: 830
  height: 1154
  copy_source: true
}
sources {
  uid: 516961
  srctype: AE_COMP_SRC
  name: "ListView_gradient.layout"
  width: 3840
  height: 250
  copy_source: true
}
sources {
  uid: 258427
  srctype: AE_COMP_SRC
  name: "ListView_text-edit.layout"
  width: 630
  height: 70
  copy_source: true
}
