activecomp {
  name: "ListView_text-edit"
  width: 630
  height: 70
  defaultcameradistance: 875
  layer {
    name: "InputProperties"
    id: 258427
    sourceid: 258443
    transform {
      anchorPoint {
        x: 25
        y: 30
        z: 0
      }
      scale {
        x: 1
        y: 1
        z: 1
      }
      position {
        x: 547.77734
        y: -2.2089844
        z: 0
      }
      orientation {
        x: 0
        y: 0
        z: 0
      }
      rotationX: 0
      rotationY: 0
      rotationZ: 0
      opacity: 1
    }
    acceptsshadows: true
    acceptslights: true
    castsshadows: false
    parentid: 258428
  }
  layer {
    name: "Text"
    id: 258428
    sourceid: -1
    transform {
      anchorPoint {
        x: 0
        y: 2
        z: 0
      }
      scale {
        x: 1
        y: 1
        z: 1
      }
      position {
        x: 57.11364
        y: 37.515171
        z: 0
      }
      orientation {
        x: 0
        y: 0
        z: 0
      }
      rotationX: 0
      rotationY: 0
      rotationZ: 0
      opacity: 1
    }
    acceptsshadows: true
    acceptslights: true
    castsshadows: false
    textinfo {
      justification: AE_TEXT_LEFT
      fontSize: 30
      fontColor {
        alpha: 1
        red: 0.16470998525619507
        green: 0.16470998525619507
        blue: 0.16470998525619507
      }
      fontName: "Gotham-Medium"
      isPointText: true
      isLabel: true
      text: "Default Text"
      multiline: false
      isAllCaps: false
    }
  }
  layer {
    name: "underline"
    id: 258429
    sourceid: 258425
    transform {
      anchorPoint {
        x: 320
        y: 1.5
        z: 0
      }
      scale {
        x: 0.98
        y: 0.98
        z: 1
      }
      position {
        x: 315
        y: 68.53
        z: 0
      }
      orientation {
        x: 0
        y: 0
        z: 0
      }
      rotationX: 0
      rotationY: 0
      rotationZ: 0
      opacity: 1
    }
    acceptsshadows: true
    acceptslights: true
    castsshadows: false
  }
  layer {
    name: "search-icon"
    id: 258430
    sourceid: 517217
    transform {
      anchorPoint {
        x: 20
        y: 20
        z: 0
      }
      scale {
        x: 1
        y: 1
        z: 1
      }
      position {
        x: 20
        y: 41.75
        z: 0
      }
      orientation {
        x: 0
        y: 0
        z: 0
      }
      rotationX: 0
      rotationY: 0
      rotationZ: 0
      opacity: 1
    }
    acceptsshadows: true
    acceptslights: true
    castsshadows: false
    parentid: 258433
  }
  layer {
    name: "search-icon-active"
    id: 258431
    sourceid: 517205
    transform {
      anchorPoint {
        x: 20
        y: 20
        z: 0
      }
      scale {
        x: 1
        y: 1
        z: 1
      }
      position {
        x: 20
        y: 41.75
        z: 0
      }
      orientation {
        x: 0
        y: 0
        z: 0
      }
      rotationX: 0
      rotationY: 0
      rotationZ: 0
      opacity: 0
    }
    acceptsshadows: true
    acceptslights: true
    castsshadows: false
    parentid: 258433
  }
  layer {
    name: "Clear"
    id: 258432
    sourceid: 516990
    transform {
      anchorPoint {
        x: 24
        y: 24
        z: 0
      }
      scale {
        x: 1
        y: 1
        z: 1
      }
      position {
        x: 606
        y: 24
        z: 0
      }
      orientation {
        x: 0
        y: 0
        z: 0
      }
      rotationX: 0
      rotationY: 0
      rotationZ: 0
      opacity: 1
    }
    acceptsshadows: true
    acceptslights: true
    castsshadows: false
  }
  layer {
    name: "NoScaleLeftAnchor"
    id: 258433
    sourceid: 517143
    transform {
      anchorPoint {
        x: 0
        y: 50
        z: 0
      }
      scale {
        x: 1
        y: 1
        z: 1
      }
      position {
        x: 0
        y: 35
        z: 0
      }
      orientation {
        x: 0
        y: 0
        z: 0
      }
      rotationX: 0
      rotationY: 0
      rotationZ: 0
      opacity: 1
    }
    acceptsshadows: true
    acceptslights: true
    castsshadows: false
  }
  classname: "CYITextEditView"
  bgcolor {
    alpha: 1
    red: 0
    green: 0
    blue: 0
  }
  properties {
    key: "componentSubtype"
    value: "regular"
  }
  properties {
    key: "componentType"
    value: "input"
  }
  properties {
    key: "default-text"
    value: "Search..."
  }
  properties {
    key: "clip"
    value: "false"
  }
  childtemplates: "ListView_search-icon"
  childtemplates: "ListView_search-icon-active"
  childtemplates: "ListView_Clear"
}
sources {
  uid: 258443
  srctype: AE_SOLID_SRC
  color {
    alpha: 1
    red: 0.16470588743686676
    green: 0.16470588743686676
    blue: 0.16470588743686676
  }
  width: 50
  height: 60
  copy_source: false
}
sources {
  uid: 2
  srctype: AE_FONT_SRC
  name: "Gotham-Medium"
  copy_source: true
  file_name: "yi_Gotham-Medium.otf"
}
sources {
  uid: 258425
  srctype: AE_SOLID_SRC
  color {
    alpha: 1
    red: 0.64705884456634521
    green: 0.64705884456634521
    blue: 0.64705884456634521
  }
  width: 640
  height: 3
  copy_source: false
}
sources {
  uid: 517217
  srctype: AE_COMP_SRC
  name: "ListView_search-icon.layout"
  width: 40
  height: 40
  copy_source: true
}
sources {
  uid: 517205
  srctype: AE_COMP_SRC
  name: "ListView_search-icon-active.layout"
  width: 40
  height: 40
  copy_source: true
}
sources {
  uid: 516990
  srctype: AE_COMP_SRC
  name: "ListView_Clear.layout"
  width: 48
  height: 48
  copy_source: true
}
sources {
  uid: 517143
  srctype: AE_NULL_SRC
  width: 100
  height: 100
  copy_source: false
}
