activecomp {
  name: "ListView_list-item-press-rect"
  width: 630
  height: 946
  defaultcameradistance: 875
  layer {
    name: "list-item-press-rect"
    id: 516941
    sourceid: 516939
    transform {
      anchorPoint {
        x: 315
        y: 473
        z: 0
      }
      scale {
        x: 1
        y: 1
        z: 1
      }
      position {
        x: 315
        y: 473
        z: 0
      }
      orientation {
        x: 0
        y: 0
        z: 0
      }
      rotationX: 0
      rotationY: 0
      rotationZ: 0
      opacity: 1
    }
    acceptsshadows: true
    acceptslights: true
    castsshadows: false
    properties {
      key: "background"
      value: "true"
    }
  }
  bgcolor {
    alpha: 1
    red: 0
    green: 0
    blue: 0
  }
  properties {
    key: "layout"
    value: "CYIStackLayout"
  }
  properties {
    key: "gravity"
    value: "center"
  }
}
sources {
  uid: 516939
  srctype: AE_SOLID_SRC
  color {
    alpha: 1
    red: 0.16470600664615631
    green: 0.16470600664615631
    blue: 0.16470600664615631
  }
  width: 630
  height: 946
  copy_source: false
}
