activecomp {
  name: "ListView_list"
  width: 830
  height: 1154
  defaultcameradistance: 1152.7778
  layer {
    name: "list-item"
    id: 258459
    sourceid: 516842
    transform {
      anchorPoint {
        x: 315
        y: 473
        z: 0
      }
      scale {
        x: 1
        y: 1
        z: 1
      }
      position {
        x: 415
        y: 473
        z: 0
      }
      orientation {
        x: 0
        y: 0
        z: 0
      }
      rotationX: 0
      rotationY: 0
      rotationZ: 0
      opacity: 1
    }
    acceptsshadows: true
    acceptslights: true
    castsshadows: false
    properties {
      key: "placeholder"
      value: "true"
    }
    properties {
      key: "margin-left"
      value: "100"
    }
    properties {
      key: "margin-right"
      value: "100"
    }
  }
  layer {
    name: "ErrorPlaceholder"
    id: 258460
    sourceid: -1
    transform {
      anchorPoint {
        x: 306
        y: 108
        z: 0
      }
      scale {
        x: 1
        y: 1
        z: 1
      }
      position {
        x: 584.13586
        y: 416.15518
        z: 0
      }
      orientation {
        x: 0
        y: 0
        z: 0
      }
      rotationX: 0
      rotationY: 0
      rotationZ: 0
      opacity: 1
    }
    acceptsshadows: true
    acceptslights: true
    castsshadows: false
    textinfo {
      justification: AE_TEXT_LEFT
      fontSize: 30
      fontColor {
        alpha: 1
        red: 0.16470998525619507
        green: 0.16470998525619507
        blue: 0.16470998525619507
      }
      fontName: "Gotham-Book"
      isPointText: false
      boundsWidth: 612
      boundsHeight: 216
      isLabel: true
      text: ""
      multiline: true
      isAllCaps: false
    }
    properties {
      key: "layoutable"
      value: "false"
    }
    properties {
      key: "text-placeholder"
      value: "true"
    }
  }
  classname: "CYIListView"
  bgcolor {
    alpha: 1
    red: 0
    green: 0
    blue: 0
  }
  properties {
    key: "componentSubtype"
    value: "streaming"
  }
  properties {
    key: "componentType"
    value: "list"
  }
  properties {
    key: "layout"
    value: "CYIColumnLayout"
  }
  properties {
    key: "spacing"
    value: "50"
  }
  properties {
    key: "columns"
    value: "1"
  }
  properties {
    key: "padding-top"
    value: "70"
  }
  properties {
    key: "vertical-magnet-offset"
    value: "15"
  }
  properties {
    key: "padding-bottom"
    value: "40"
  }
  properties {
    key: "horizontal-magnet-offset"
    value: "-9"
  }
  properties {
    key: "horizontal-scroll"
    value: "true"
  }
  properties {
    key: "vertical-scroll"
    value: "true"
  }
  properties {
    key: "clip"
    value: "true"
  }
  properties {
    key: "gravity"
    value: "top"
  }
  properties {
    key: "horizontal-overpull"
    value: "40"
  }
  properties {
    key: "vertical-overpull"
    value: "40"
  }
  properties {
    key: "insert-after-layer-id"
    value: "-1"
  }
  childtemplates: "ListView_list-item"
}
sources {
  uid: 516842
  srctype: AE_COMP_SRC
  name: "ListView_list-item.layout"
  width: 630
  height: 946
  copy_source: true
}
sources {
  uid: 2
  srctype: AE_FONT_SRC
  name: "Gotham-Book"
  copy_source: true
  file_name: "yi_Gotham-Book.ttf"
}
